<?xml version="1.0" encoding="UTF-8"?>
<!-- Generated by org.testng.reporters.JUnitReportReporter -->
<testsuite hostname="DESKTOP-58HQAGD" failures="0" tests="6" name="api.test.DDTests" time="9.116" errors="0" timestamp="2024-03-29T22:37:29 IST" skipped="0">
  <testcase classname="api.test.DDTests" name="testPostuser" time="1.193"/>
  <testcase classname="api.test.DDTests" name="testDeleteUserByname" time="1.163"/>
  <testcase classname="api.test.DDTests" name="testPostuser" time="1.174"/>
  <testcase classname="api.test.DDTests" name="testDeleteUserByname" time="1.173"/>
  <testcase classname="api.test.DDTests" name="testDeleteUserByname" time="2.942"/>
  <testcase classname="api.test.DDTests" name="testPostuser" time="1.471"/>
</testsuite> <!-- api.test.DDTests -->
