<?xml version="1.0" encoding="UTF-8"?>
<!-- Generated by org.testng.reporters.JUnitReportReporter -->
<testsuite hostname="DESKTOP-58HQAGD" failures="0" tests="6" name="api.test.DDTests" time="13.096" errors="0" timestamp="2024-03-29T23:28:52 IST" skipped="0">
  <testcase classname="api.test.DDTests" name="testPostuser" time="1.791"/>
  <testcase classname="api.test.DDTests" name="testDeleteUserByname" time="6.343"/>
  <testcase classname="api.test.DDTests" name="testPostuser" time="1.218"/>
  <testcase classname="api.test.DDTests" name="testPostuser" time="1.342"/>
  <testcase classname="api.test.DDTests" name="testDeleteUserByname" time="1.212"/>
  <testcase classname="api.test.DDTests" name="testDeleteUserByname" time="1.190"/>
</testsuite> <!-- api.test.DDTests -->
