<?xml version="1.0" encoding="UTF-8"?>
<!-- Generated by org.testng.reporters.JUnitReportReporter -->
<testsuite hostname="DESKTOP-58HQAGD" failures="0" tests="3" name="api.test.UserTest" time="3.895" errors="0" timestamp="2024-03-29T23:28:52 IST" skipped="0">
  <testcase classname="api.test.UserTest" name="testPostUser" time="1.465"/>
  <testcase classname="api.test.UserTest" name="testGetUserByname" time="1.211"/>
  <testcase classname="api.test.UserTest" name="testDeleteUser" time="1.219"/>
</testsuite> <!-- api.test.UserTest -->
